<?xml version="1.0" encoding="UTF-8"?>
<!-- Generated by org.testng.reporters.JUnitXMLReporter -->
<testsuite ignored="0" hostname="DESKTOP-HIM16RN" failures="0" tests="3" name="orangeHRM framework" time="86.866" errors="0" timestamp="2022-09-27T13:36:45 IST">
  <testcase classname="com.orangehrm.testCases.LoginpageTest" name="loginTest" time="5.48"/>
  <testcase classname="com.orangehrm.testCases.LeavepageTest" name="leaveLink" time="19.897"/>
  <testcase classname="com.orangehrm.testCases.candidatesPageTest" name="test" time="35.217"/>
</testsuite> <!-- orangeHRM framework -->
