<?xml version="1.0" encoding="UTF-8"?>
<testng-results ignored="0" total="1" passed="1" failed="0" skipped="0">
  <reporter-output>
  </reporter-output>
  <suite started-at="2022-09-28T11:02:42 IST" name="Default suite" finished-at="2022-09-28T11:02:53 IST" duration-ms="11301">
    <groups>
    </groups>
    <test started-at="2022-09-28T11:02:42 IST" name="Default test" finished-at="2022-09-28T11:02:53 IST" duration-ms="11301">
      <class name="com.orangehrm.testCases.jquery.dragAndDrop">
        <test-method signature="test()[pri:0, instance:com.orangehrm.testCases.jquery.dragAndDrop@56620197]" started-at="2022-09-28T11:02:42 IST" name="test" finished-at="2022-09-28T11:02:53 IST" duration-ms="11236" status="PASS">
          <reporter-output>
          </reporter-output>
        </test-method> <!-- test -->
      </class> <!-- com.orangehrm.testCases.jquery.dragAndDrop -->
    </test> <!-- Default test -->
  </suite> <!-- Default suite -->
</testng-results>
